#
# A fatal error has been detected by the Java Runtime Environment:
#
#  EXCEPTION_ACCESS_VIOLATION (0xc0000005) at pc=0x00000000614f1958, pid=7540, tid=11520
#
# JRE version:  (10.0.2+13) (build )
# Java VM: Java HotSpot(TM) 64-Bit Server VM (10.0.2+13, mixed mode, aot, tiered, compressed oops, g1 gc, windows-amd64)
# Problematic frame:
# V  [jvm.dll+0x1c1958]
#
# No core dump will be written. Minidumps are not enabled by default on client versions of Windows
#
# If you would like to submit a bug report, please visit:
#   http://bugreport.java.com/bugreport/crash.jsp
#

---------------  S U M M A R Y ------------

Command Line: -Dorg.gradle.appname=gradlew org.gradle.wrapper.GradleWrapperMain clean build

Host: Intel(R) Core(TM) i7-7500U CPU @ 2.70GHz, 4 cores, 3G,  Windows 10 , 64 bit Build 14393 (10.0.14393.2608)
Time: Wed May 08 23:49:07 2019 ?D1ú±ê×?ê±?? elapsed time: 0 seconds (0d 0h 0m 0s)

---------------  T H R E A D  ---------------

Current thread (0x000001e0df11a000):  JavaThread "Unknown thread" [_thread_in_vm, id=11520, stack(0x000000a536500000,0x000000a536600000)]

Stack: [0x000000a536500000,0x000000a536600000],  sp=0x000000a5365ff530,  free space=1021k
Native frames: (J=compiled Java code, j=interpreted, Vv=VM code, C=native code)
V  [jvm.dll+0x1c1958]
V  [jvm.dll+0x1bfe43]
V  [jvm.dll+0x3519cb]
V  [jvm.dll+0x6856a2]
V  [jvm.dll+0x3ba0c3]
V  [jvm.dll+0x3bc261]
C  [java.exe+0x3531]
C  [java.exe+0xe1af]
C  [java.exe+0xe356]
C  [KERNEL32.DLL+0x8364]
C  [ntdll.dll+0x6e851]


siginfo: EXCEPTION_ACCESS_VIOLATION (0xc0000005), reading address 0x0000000000000000


Registers:
RAX=0x00005d76a46d4ca9, RBX=0x0000000000000000, RCX=0x0000000000000000, RDX=0x0000000000000000
RSP=0x000000a5365ff530, RBP=0x0000000000000000, RSI=0x000001e0df11a000, RDI=0x0000000000000000
R8 =0x0000000000000006, R9 =0x0000000000000007, R10=0x0000000000000006, R11=0x000000a5365fee40
R12=0x0000000000000000, R13=0x0000000061882ab0, R14=0x000000a5365ff988, R15=0x000001e0dcc3d5a8
RIP=0x00000000614f1958, EFLAGS=0x0000000000010256

Top of Stack: (sp=0x000000a5365ff530)
0x000000a5365ff530:   0000000061ad1658 00000000618a5c2d
0x000000a5365ff540:   0000000061b393c0 0000000061ad1658
0x000000a5365ff550:   0000000000000040 000000a5365ff5b0
0x000000a5365ff560:   000001e0df1193f0 00000000618a6075
0x000000a5365ff570:   000001e0df11a000 0000000000000000
0x000000a5365ff580:   0000000000000000 00000000618a5957
0x000000a5365ff590:   0000000000000000 00000000618f6f79
0x000000a5365ff5a0:   000001e0df1193f0 0000000000000000
0x000000a5365ff5b0:   0000000000000000 0000000000000000
0x000000a5365ff5c0:   0000000000000004 00000000618f75d8
0x000000a5365ff5d0:   000001e0df1193f0 00005d76a46d4ca9
0x000000a5365ff5e0:   0000000000000004 0000000000000000
0x000000a5365ff5f0:   0000000061882ab0 000001e0df11a000
0x000000a5365ff600:   000000a5365ff640 00000000614efe43
0x000000a5365ff610:   0000000000000000 000000a5365ff640
0x000000a5365ff620:   0000000000000000 0000000000000000 

Instructions: (pc=0x00000000614f1958)
0x00000000614f1938:   c0 00 00 00 48 8b 05 6d 1d 7a 00 48 33 c4 48 89
0x00000000614f1948:   84 24 a8 00 00 00 48 8b e9 48 83 ca ff 48 ff c2
0x00000000614f1958:   80 3c 0a 00 75 f7 33 f6 45 33 ed c6 44 24 30 01
0x00000000614f1968:   85 d2 0f 8e 54 02 00 00 8b 0d e6 6d 81 00 65 48 



---------------  P R O C E S S  ---------------

Threads class SMR info:
_java_thread_list=0x000001e0dcc46230, length=0, elements={
}

Java Threads: ( => current thread )

Other Threads:

[error occurred during error reporting (printing all threads), id 0xc0000005]

VM state:not at safepoint (not fully initialized)

VM Mutex/Monitor currently owned by a thread: None


[error occurred during error reporting (printing compressed oops mode), id 0xc0000005]

Deoptimization events (0 events):
No events

Classes redefined (0 events):
No events

Internal exceptions (0 events):
No events

Events (0 events):
No events


Dynamic libraries:
0x00007ff72d440000 - 0x00007ff72d47e000 	C:\Program Files\Java\jdk-10.0.2\bin\java.exe
0x00007ffb16cd0000 - 0x00007ffb16ea0000 	C:\windows\SYSTEM32\ntdll.dll
0x00007ffb16af0000 - 0x00007ffb16b9c000 	C:\windows\System32\KERNEL32.DLL
0x00007ffb13bf0000 - 0x00007ffb13e0d000 	C:\windows\System32\KERNELBASE.dll
0x00007ffb15430000 - 0x00007ffb154d2000 	C:\windows\System32\ADVAPI32.dll
0x00007ffb143c0000 - 0x00007ffb1445e000 	C:\windows\System32\msvcrt.dll
0x00007ffb14260000 - 0x00007ffb142b9000 	C:\windows\System32\sechost.dll
0x00007ffb16ba0000 - 0x00007ffb16cc1000 	C:\windows\System32\RPCRT4.dll
0x00007ffb152c0000 - 0x00007ffb15425000 	C:\windows\System32\USER32.dll
0x00007ffb131c0000 - 0x00007ffb131de000 	C:\windows\System32\win32u.dll
0x00007ffb14770000 - 0x00007ffb147a4000 	C:\windows\System32\GDI32.dll
0x00007ffb13f00000 - 0x00007ffb14081000 	C:\windows\System32\gdi32full.dll
0x00007ffb05160000 - 0x00007ffb053da000 	C:\windows\WinSxS\amd64_microsoft.windows.common-controls_6595b64144ccf1df_6.0.14393.2608_none_7ddacc7e8347078e\COMCTL32.dll
0x00007ffb14a20000 - 0x00007ffb14ce5000 	C:\windows\System32\combase.dll
0x00007ffb13410000 - 0x00007ffb13504000 	C:\windows\System32\ucrtbase.dll
0x00007ffb13340000 - 0x00007ffb133aa000 	C:\windows\System32\bcryptPrimitives.dll
0x00007ffb0d600000 - 0x00007ffb0d60a000 	C:\windows\SYSTEM32\VERSION.dll
0x00007ffb15280000 - 0x00007ffb152ae000 	C:\windows\System32\IMM32.DLL
0x00007ffaf3fd0000 - 0x00007ffaf40bf000 	C:\Program Files\Java\jdk-10.0.2\bin\msvcr120.dll
0x00007ffaf3f20000 - 0x00007ffaf3fc6000 	C:\Program Files\Java\jdk-10.0.2\bin\msvcp120.dll
0x0000000061330000 - 0x0000000061da0000 	C:\Program Files\Java\jdk-10.0.2\bin\server\jvm.dll
0x00007ffb152b0000 - 0x00007ffb152b8000 	C:\windows\System32\PSAPI.DLL
0x00007ffb11580000 - 0x00007ffb115a3000 	C:\windows\SYSTEM32\WINMM.dll
0x00007ffb04510000 - 0x00007ffb04519000 	C:\windows\SYSTEM32\WSOCK32.dll
0x00007ffb149b0000 - 0x00007ffb14a1a000 	C:\windows\System32\WS2_32.dll
0x000001e0de8d0000 - 0x000001e0de8fb000 	C:\windows\SYSTEM32\WINMMBASE.dll
0x00007ffb13e10000 - 0x00007ffb13e52000 	C:\windows\System32\cfgmgr32.dll
0x00007ffb0d490000 - 0x00007ffb0d49f000 	C:\Program Files\Java\jdk-10.0.2\bin\verify.dll
0x00007ffb0f570000 - 0x00007ffb0f702000 	C:\windows\SYSTEM32\DBGHELP.DLL
0x00007ffb00a30000 - 0x00007ffb00a59000 	C:\windows\SYSTEM32\dbgcore.DLL
0x00007ffb07030000 - 0x00007ffb07057000 	C:\Program Files\Java\jdk-10.0.2\bin\java.dll
0x00007ffb0d400000 - 0x00007ffb0d416000 	C:\Program Files\Java\jdk-10.0.2\bin\zip.dll
0x00007ffb0ae40000 - 0x00007ffb0ae4a000 	C:\Program Files\Java\jdk-10.0.2\bin\jimage.dll

dbghelp: loaded successfully - version: 4.0.5 - missing functions: none
symbol engine: initialized successfully - sym options: 0x614 - pdb path: .;C:\Program Files\Java\jdk-10.0.2\bin;C:\windows\SYSTEM32;C:\windows\WinSxS\amd64_microsoft.windows.common-controls_6595b64144ccf1df_6.0.14393.2608_none_7ddacc7e8347078e;C:\Program Files\Java\jdk-10.0.2\bin\server

VM Arguments:
jvm_args: -Dorg.gradle.appname=gradlew 
java_command: org.gradle.wrapper.GradleWrapperMain clean build
java_class_path (initial): D:\aaaandroid\AAAANDROID\\gradle\wrapper\gradle-wrapper.jar
Launcher Type: SUN_STANDARD

Logging:
Log output configuration:
#0: stdout all=warning uptime,level,tags
#1: stderr all=off uptime,level,tags

Environment Variables:
JAVA_HOME=C:\Program Files\Java\jdk-10.0.2\
CLASSPATH=D:\aaaandroid\AAAANDROID\\gradle\wrapper\gradle-wrapper.jar
PATH=C:\Program Files (x86)\Common Files\Oracle\Java\javapath;C:\windows\system32;C:\windows;C:\windows\System32\Wbem;C:\windows\System32\WindowsPowerShell\v1.0\;C:\Program Files (x86)\NVIDIA Corporation\PhysX\Common;C:\Program Files\NVIDIA Corporation\NVIDIA NvDLISR;C:\Program Files\Git\cmd;C:\Users\Administrator\AppData\Local\Programs\Python\Python37-32\Scripts\;C:\Users\Administrator\AppData\Local\Programs\Python\Python37-32\;C:\Users\Administrator\AppData\Local\Microsoft\WindowsApps;;D:\新建文件夹 (2)\PyCharm 2018.3.3\bin;
USERNAME=Administrator
OS=Windows_NT
PROCESSOR_IDENTIFIER=Intel64 Family 6 Model 142 Stepping 9, GenuineIntel



---------------  S Y S T E M  ---------------

OS: Windows 10 , 64 bit Build 14393 (10.0.14393.2608)

CPU:total 4 (initial active 4) 

Memory: 4k page, physical 4071960k(536500k free), swap 10625560k(892940k free)

vm_info: Java HotSpot(TM) 64-Bit Server VM (10.0.2+13) for windows-amd64 JRE (10.0.2+13), built on Jun 28 2018 01:57:56 by "mach5one" with MS VC++ 12.0 (VS2013)

END.
